<?xml version="1.0" encoding="UTF-8"?>
<testsuites>
    <testsuite name="force.apex" timestamp="2020-06-23T13:28:22-04:00" hostname="https://syngentacanada--full.my.salesforce.com" tests="1" failures="0"  errors="0"  time="0.06">
        <properties>
            <property name="outcome" value="Passed"/>
            <property name="testsRan" value="1"/>
            <property name="passing" value="1"/>
            <property name="failing" value="0"/>
            <property name="skipped" value="0"/>
            <property name="passRate" value="100%"/>
            <property name="failRate" value="0%"/>
            <property name="testStartTime" value="Jun 23, 2020 1:28 PM"/>
            <property name="testExecutionTime" value="0.06 s"/>
            <property name="testTotalTime" value="0.06 s"/>
            <property name="commandTime" value="11.72 s"/>
            <property name="hostname" value="https://syngentacanada--full.my.salesforce.com"/>
            <property name="orgId" value="00D6300000024c2EAA"/>
            <property name="username" value="aakash.sidana@syngenta.com.full"/>
            <property name="testRunId" value="7076300001VplyI"/>
            <property name="userId" value="0053m00000AlyrWAAR"/>
            <property name="testRunCoverage" value="81%"/>
            <property name="orgWideCoverage" value="77%"/>
        </properties>
        <testcase name="testCallout" classname="CalloutClassTest" time="0.06">
        </testcase>
    </testsuite>
</testsuites>
