<?xml version="1.0" encoding="UTF-8"?>
<testsuites>
    <testsuite name="force.apex" timestamp="2020-06-25T16:31:21-04:00" hostname="https://syngentacanada--full.my.salesforce.com" tests="5" failures="0"  errors="0"  time="27.32">
        <properties>
            <property name="outcome" value="Passed"/>
            <property name="testsRan" value="5"/>
            <property name="passing" value="5"/>
            <property name="failing" value="0"/>
            <property name="skipped" value="0"/>
            <property name="passRate" value="100%"/>
            <property name="failRate" value="0%"/>
            <property name="testStartTime" value="Jun 25, 2020 4:31 PM"/>
            <property name="testExecutionTime" value="27.32 s"/>
            <property name="testTotalTime" value="27.32 s"/>
            <property name="commandTime" value="50.42 s"/>
            <property name="hostname" value="https://syngentacanada--full.my.salesforce.com"/>
            <property name="orgId" value="00D6300000024c2EAA"/>
            <property name="username" value="aakash.sidana@syngenta.com.full"/>
            <property name="testRunId" value="7076300001Vx2R1"/>
            <property name="userId" value="0053m00000AlyrWAAR"/>
            <property name="testRunCoverage" value="81%"/>
            <property name="orgWideCoverage" value="74%"/>
        </properties>
        <testcase name="testCallout" classname="CalloutClassTest" time="5.09">
        </testcase>
        <testcase name="runTest" classname="Contact_TriggerTest" time="8.67">
        </testcase>
        <testcase name="runTest1" classname="Contact_TriggerTest" time="0.01">
        </testcase>
        <testcase name="runTest" classname="Contact_TriggerTest2" time="5.37">
        </testcase>
        <testcase name="runTest" classname="Contact_Trigger_Primary_Contact_Test" time="8.19">
        </testcase>
    </testsuite>
</testsuites>
