<?xml version="1.0" encoding="UTF-8"?>
<testsuites>
    <testsuite name="force.apex" timestamp="2020-06-23T13:51:53-04:00" hostname="https://syngentacanada--full.my.salesforce.com" tests="1" failures="1"  errors="0"  time="0.84">
        <properties>
            <property name="outcome" value="Failed"/>
            <property name="testsRan" value="1"/>
            <property name="passing" value="0"/>
            <property name="failing" value="1"/>
            <property name="skipped" value="0"/>
            <property name="passRate" value="0%"/>
            <property name="failRate" value="100%"/>
            <property name="testStartTime" value="Jun 23, 2020 1:51 PM"/>
            <property name="testExecutionTime" value="0.84 s"/>
            <property name="testTotalTime" value="0.84 s"/>
            <property name="commandTime" value="12.29 s"/>
            <property name="hostname" value="https://syngentacanada--full.my.salesforce.com"/>
            <property name="orgId" value="00D6300000024c2EAA"/>
            <property name="username" value="aakash.sidana@syngenta.com.full"/>
            <property name="testRunId" value="7076300001VpnNx"/>
            <property name="userId" value="0053m00000AlyrWAAR"/>
            <property name="testRunCoverage" value="79%"/>
            <property name="orgWideCoverage" value="79%"/>
        </properties>
        <testcase name="testCallout" classname="CalloutClassTest" time="0.84">
            <failure message="System.DmlException: Insert failed. First exception on row 0; first error: MIXED_DML_OPERATION, DML operation on setup object is not permitted after you have updated a non-setup object (or vice versa): Account, original object: User: []"><![CDATA[Class.CalloutClassTest.testCallout: line 19, column 1]]></failure>
        </testcase>
    </testsuite>
</testsuites>
