<?xml version="1.0" encoding="UTF-8"?>
<testsuites>
    <testsuite name="force.apex" timestamp="2020-06-25T11:00:05-04:00" hostname="https://syngentacanada--full.my.salesforce.com" tests="6" failures="1"  errors="0"  time="25.55">
        <properties>
            <property name="outcome" value="Failed"/>
            <property name="testsRan" value="6"/>
            <property name="passing" value="5"/>
            <property name="failing" value="1"/>
            <property name="skipped" value="0"/>
            <property name="passRate" value="83%"/>
            <property name="failRate" value="17%"/>
            <property name="testStartTime" value="Jun 25, 2020 11:00 AM"/>
            <property name="testExecutionTime" value="25.55 s"/>
            <property name="testTotalTime" value="25.55 s"/>
            <property name="commandTime" value="52.69 s"/>
            <property name="hostname" value="https://syngentacanada--full.my.salesforce.com"/>
            <property name="orgId" value="00D6300000024c2EAA"/>
            <property name="username" value="aakash.sidana@syngenta.com.full"/>
            <property name="testRunId" value="7076300001VwiHQ"/>
            <property name="userId" value="0053m00000AlyrWAAR"/>
            <property name="testRunCoverage" value="81%"/>
            <property name="orgWideCoverage" value="75%"/>
        </properties>
        <testcase name="runTest" classname="CalloutClassTest" time="0.04">
        </testcase>
        <testcase name="testCallout" classname="CalloutClassTest" time="1.76">
        </testcase>
        <testcase name="testLogin" classname="CalloutClassTest" time="0.01">
        </testcase>
        <testcase name="runTest" classname="Contact_TriggerTest" time="8.21">
            <failure message="Methods defined as TestMethod do not support Web service callouts"></failure>
        </testcase>
        <testcase name="runTest" classname="Contact_TriggerTest2" time="9.29">
        </testcase>
        <testcase name="runTest" classname="Contact_Trigger_Primary_Contact_Test" time="6.24">
        </testcase>
    </testsuite>
</testsuites>
