<?xml version="1.0" encoding="UTF-8"?>
<testsuites>
    <testsuite name="force.apex" timestamp="2020-06-05T09:59:16-04:00" hostname="https://syngentacanada--full.my.salesforce.com" tests="3" failures="0"  errors="0"  time="15.51">
        <properties>
            <property name="outcome" value="Passed"/>
            <property name="testsRan" value="3"/>
            <property name="passing" value="3"/>
            <property name="failing" value="0"/>
            <property name="skipped" value="0"/>
            <property name="passRate" value="100%"/>
            <property name="failRate" value="0%"/>
            <property name="testStartTime" value="Jun 5, 2020 9:59 AM"/>
            <property name="testExecutionTime" value="15.51 s"/>
            <property name="testTotalTime" value="15.51 s"/>
            <property name="commandTime" value="16.16 s"/>
            <property name="hostname" value="https://syngentacanada--full.my.salesforce.com"/>
            <property name="orgId" value="00D2g0000008aPPEAY"/>
            <property name="username" value="aakash.sidana@syngenta.com.full"/>
            <property name="testRunId" value="7072g00000GfjxQ"/>
            <property name="userId" value="0053m00000AlyrWAAR"/>
            <property name="testRunCoverage" value="77%"/>
            <property name="orgWideCoverage" value="64%"/>
        </properties>
        <testcase name="runTest" classname="Contact_TriggerTest" time="3.22">
        </testcase>
        <testcase name="runTest" classname="Contact_TriggerTest2" time="6.45">
        </testcase>
        <testcase name="runTest" classname="Contact_Trigger_Primary_Contact_Test" time="5.85">
        </testcase>
    </testsuite>
</testsuites>
