<?xml version="1.0" encoding="UTF-8"?>
<testsuites>
    <testsuite name="force.apex" timestamp="2020-06-23T15:21:49-04:00" hostname="https://syngentacanada--full.my.salesforce.com" tests="4" failures="2"  errors="0"  time="24.67">
        <properties>
            <property name="outcome" value="Failed"/>
            <property name="testsRan" value="4"/>
            <property name="passing" value="2"/>
            <property name="failing" value="2"/>
            <property name="skipped" value="0"/>
            <property name="passRate" value="50%"/>
            <property name="failRate" value="50%"/>
            <property name="testStartTime" value="Jun 23, 2020 3:21 PM"/>
            <property name="testExecutionTime" value="24.67 s"/>
            <property name="testTotalTime" value="24.67 s"/>
            <property name="commandTime" value="52.01 s"/>
            <property name="hostname" value="https://syngentacanada--full.my.salesforce.com"/>
            <property name="orgId" value="00D6300000024c2EAA"/>
            <property name="username" value="aakash.sidana@syngenta.com.full"/>
            <property name="testRunId" value="7076300001Vpu6t"/>
            <property name="userId" value="0053m00000AlyrWAAR"/>
            <property name="testRunCoverage" value="81%"/>
            <property name="orgWideCoverage" value="80%"/>
        </properties>
        <testcase name="testCallout" classname="CalloutClassTest" time="1.86">
            <failure message="System.XmlException: ParseError at [row,col]:[1,1]
Message: Content is not allowed in prolog."><![CDATA[Class.Contact_TriggerHandler.loginToPardot: line 609, column 1
Class.Contact_TriggerHandler.resetDoNotEmail: line 492, column 1]]></failure>
        </testcase>
        <testcase name="runTest" classname="Contact_TriggerTest" time="10.9">
            <failure message="Methods defined as TestMethod do not support Web service callouts"></failure>
        </testcase>
        <testcase name="runTest" classname="Contact_TriggerTest2" time="5.71">
        </testcase>
        <testcase name="runTest" classname="Contact_Trigger_Primary_Contact_Test" time="6.2">
        </testcase>
    </testsuite>
</testsuites>
