<?xml version="1.0" encoding="UTF-8"?>
<testsuites>
    <testsuite name="force.apex" timestamp="2020-06-04T11:23:59-04:00" hostname="https://syngentacanada--full.my.salesforce.com" tests="3" failures="0"  errors="0"  time="79.95">
        <properties>
            <property name="outcome" value="Passed"/>
            <property name="testsRan" value="3"/>
            <property name="passing" value="3"/>
            <property name="failing" value="0"/>
            <property name="skipped" value="0"/>
            <property name="passRate" value="100%"/>
            <property name="failRate" value="0%"/>
            <property name="testStartTime" value="Jun 4, 2020 11:23 AM"/>
            <property name="testExecutionTime" value="79.95 s"/>
            <property name="testTotalTime" value="79.95 s"/>
            <property name="commandTime" value="81.09 s"/>
            <property name="hostname" value="https://syngentacanada--full.my.salesforce.com"/>
            <property name="orgId" value="00D2g0000008aPPEAY"/>
            <property name="username" value="aakash.sidana@syngenta.com.full"/>
            <property name="testRunId" value="7072g00000GfATT"/>
            <property name="userId" value="0053m00000AlyrWAAR"/>
            <property name="testRunCoverage" value="77%"/>
            <property name="orgWideCoverage" value="64%"/>
        </properties>
        <testcase name="runTest" classname="Contact_TriggerTest" time="23.75">
        </testcase>
        <testcase name="runTest" classname="Contact_TriggerTest2" time="24.2">
        </testcase>
        <testcase name="runTest" classname="Contact_Trigger_Primary_Contact_Test" time="32">
        </testcase>
    </testsuite>
</testsuites>
