<?xml version="1.0" encoding="UTF-8"?>
<testsuites>
    <testsuite name="force.apex" timestamp="2020-06-01T17:13:59-04:00" hostname="https://syngentacanada--full.my.salesforce.com" tests="4" failures="1"  errors="0"  time="23.5">
        <properties>
            <property name="outcome" value="Failed"/>
            <property name="testsRan" value="4"/>
            <property name="passing" value="3"/>
            <property name="failing" value="1"/>
            <property name="skipped" value="0"/>
            <property name="passRate" value="75%"/>
            <property name="failRate" value="25%"/>
            <property name="testStartTime" value="Jun 1, 2020 5:13 PM"/>
            <property name="testExecutionTime" value="23.5 s"/>
            <property name="testTotalTime" value="23.5 s"/>
            <property name="commandTime" value="14 s"/>
            <property name="hostname" value="https://syngentacanada--full.my.salesforce.com"/>
            <property name="orgId" value="00D2g0000008aPPEAY"/>
            <property name="username" value="aakash.sidana@syngenta.com.full"/>
            <property name="testRunId" value="7072g00000GABBx"/>
            <property name="userId" value="0053m00000AlyrWAAR"/>
            <property name="testRunCoverage" value="77%"/>
            <property name="orgWideCoverage" value="63%"/>
        </properties>
        <testcase name="testMethod1" classname="CommTech_ProjectsTriggerTest" time="1.52">
        </testcase>
        <testcase name="runTest" classname="Contact_TriggerTest" time="5.49">
            <failure message="System.ListException: Invalid id at index 0: null"><![CDATA[Class.Contact_TriggerTest.runTest: line 71, column 1]]></failure>
        </testcase>
        <testcase name="runTest" classname="Contact_TriggerTest2" time="7.88">
        </testcase>
        <testcase name="runTest" classname="Contact_Trigger_Primary_Contact_Test" time="8.61">
        </testcase>
    </testsuite>
</testsuites>
