<?xml version="1.0" encoding="UTF-8"?>
<testsuites>
    <testsuite name="force.apex" timestamp="2020-08-18T13:25:11-04:00" hostname="https://syngentacanada--full.my.salesforce.com" tests="1" failures="1"  errors="0"  time="12.93">
        <properties>
            <property name="outcome" value="Failed"/>
            <property name="testsRan" value="1"/>
            <property name="passing" value="0"/>
            <property name="failing" value="1"/>
            <property name="skipped" value="0"/>
            <property name="passRate" value="0%"/>
            <property name="failRate" value="100%"/>
            <property name="testStartTime" value="Aug 18, 2020 1:25 PM"/>
            <property name="testExecutionTime" value="12.93 s"/>
            <property name="testTotalTime" value="12.93 s"/>
            <property name="commandTime" value="25.63 s"/>
            <property name="hostname" value="https://syngentacanada--full.my.salesforce.com"/>
            <property name="orgId" value="00D2f0000000casEAA"/>
            <property name="username" value="aakash.sidana@syngenta.com.full"/>
            <property name="testRunId" value="7072f00000PvyRr"/>
            <property name="userId" value="0053m00000AlyrWAAR"/>
            <property name="testRunCoverage" value="78%"/>
            <property name="orgWideCoverage" value="75%"/>
        </properties>
        <testcase name="testMethod1" classname="TestBatchUpdateContactsActive" time="12.93">
            <failure message="System.QueryException: Locking is implied for each batch execution and therefore FOR UPDATE should not be specified"><![CDATA[Class.BatchUpdateContactstoActive.start: line 9, column 1]]></failure>
        </testcase>
    </testsuite>
</testsuites>
