<?xml version="1.0" encoding="UTF-8"?>
<testsuites>
    <testsuite name="force.apex" timestamp="2020-08-18T13:26:35-04:00" hostname="https://syngentacanada--full.my.salesforce.com" tests="1" failures="1"  errors="0"  time="1.05">
        <properties>
            <property name="outcome" value="Failed"/>
            <property name="testsRan" value="1"/>
            <property name="passing" value="0"/>
            <property name="failing" value="1"/>
            <property name="skipped" value="0"/>
            <property name="passRate" value="0%"/>
            <property name="failRate" value="100%"/>
            <property name="testStartTime" value="Aug 18, 2020 1:26 PM"/>
            <property name="testExecutionTime" value="1.05 s"/>
            <property name="testTotalTime" value="1.05 s"/>
            <property name="commandTime" value="10.97 s"/>
            <property name="hostname" value="https://syngentacanada--full.my.salesforce.com"/>
            <property name="orgId" value="00D2f0000000casEAA"/>
            <property name="username" value="aakash.sidana@syngenta.com.full"/>
            <property name="testRunId" value="7072f00000PvyWx"/>
            <property name="userId" value="0053m00000AlyrWAAR"/>
            <property name="testRunCoverage" value="78%"/>
            <property name="orgWideCoverage" value="75%"/>
        </properties>
        <testcase name="testMethod1" classname="TestBatchDelete" time="1.05">
            <failure message="System.TypeException: DML operation INSERT not allowed on Contact"><![CDATA[Class.TestBatchDelete.testMethod1: line 21, column 1]]></failure>
        </testcase>
    </testsuite>
</testsuites>
