<?xml version="1.0" encoding="UTF-8"?>
<testsuites>
    <testsuite name="force.apex" timestamp="2020-06-05T11:11:51-04:00" hostname="https://syngentacanada--full.my.salesforce.com" tests="3" failures="0"  errors="0"  time="17.66">
        <properties>
            <property name="outcome" value="Passed"/>
            <property name="testsRan" value="3"/>
            <property name="passing" value="3"/>
            <property name="failing" value="0"/>
            <property name="skipped" value="0"/>
            <property name="passRate" value="100%"/>
            <property name="failRate" value="0%"/>
            <property name="testStartTime" value="Jun 5, 2020 11:11 AM"/>
            <property name="testExecutionTime" value="17.66 s"/>
            <property name="testTotalTime" value="17.66 s"/>
            <property name="commandTime" value="38.41 s"/>
            <property name="hostname" value="https://syngentacanada--full.my.salesforce.com"/>
            <property name="orgId" value="00D2g0000008aPPEAY"/>
            <property name="username" value="aakash.sidana@syngenta.com.full"/>
            <property name="testRunId" value="7072g00000GflTt"/>
            <property name="userId" value="0053m00000AlyrWAAR"/>
            <property name="testRunCoverage" value="77%"/>
            <property name="orgWideCoverage" value="64%"/>
        </properties>
        <testcase name="runTest" classname="Contact_TriggerTest" time="6.03">
        </testcase>
        <testcase name="runTest" classname="Contact_TriggerTest2" time="5.12">
        </testcase>
        <testcase name="runTest" classname="Contact_Trigger_Primary_Contact_Test" time="6.5">
        </testcase>
    </testsuite>
</testsuites>
