<?xml version="1.0" encoding="UTF-8"?>
<testsuites>
    <testsuite name="force.apex" timestamp="2020-06-02T10:48:37-04:00" hostname="https://syngentacanada--full.my.salesforce.com" tests="4" failures="1"  errors="0"  time="21.69">
        <properties>
            <property name="outcome" value="Failed"/>
            <property name="testsRan" value="4"/>
            <property name="passing" value="3"/>
            <property name="failing" value="1"/>
            <property name="skipped" value="0"/>
            <property name="passRate" value="75%"/>
            <property name="failRate" value="25%"/>
            <property name="testStartTime" value="Jun 2, 2020 10:48 AM"/>
            <property name="testExecutionTime" value="21.69 s"/>
            <property name="testTotalTime" value="21.69 s"/>
            <property name="commandTime" value="14.74 s"/>
            <property name="hostname" value="https://syngentacanada--full.my.salesforce.com"/>
            <property name="orgId" value="00D2g0000008aPPEAY"/>
            <property name="username" value="aakash.sidana@syngenta.com.full"/>
            <property name="testRunId" value="7072g00000GAX3e"/>
            <property name="userId" value="0053m00000AlyrWAAR"/>
            <property name="testRunCoverage" value="78%"/>
            <property name="orgWideCoverage" value="64%"/>
        </properties>
        <testcase name="testMethod1" classname="CommTech_ProjectsTriggerTest" time="1.49">
        </testcase>
        <testcase name="runTest" classname="Contact_TriggerTest" time="5.53">
            <failure message="System.DmlException: Update failed. First exception on row 0 with id 0032g00000AuaS1AAJ; first error: CANNOT_INSERT_UPDATE_ACTIVATE_ENTITY, Contact_Trigger: execution of AfterUpdate

caused by: System.DmlException: Update failed. First exception on row 0 with id 0032g00000AuaS1AAJ; first error: CANNOT_INSERT_UPDATE_ACTIVATE_ENTITY, Contact_Trigger: execution of BeforeUpdate

caused by: System.NullPointerException: Attempt to de-reference a null object

Class.Contact_TriggerHandler.updateContactType: line 206, column 1
Trigger.Contact_Trigger: line 52, column 1: []

Class.Contact_TriggerHandler.updateContactDetailsonInactive: line 239, column 1
Trigger.Contact_Trigger: line 40, column 1: []"><![CDATA[Class.Contact_TriggerTest.runTest: line 59, column 1]]></failure>
        </testcase>
        <testcase name="runTest" classname="Contact_TriggerTest2" time="7">
        </testcase>
        <testcase name="runTest" classname="Contact_Trigger_Primary_Contact_Test" time="7.66">
        </testcase>
    </testsuite>
</testsuites>
