<?xml version="1.0" encoding="UTF-8"?>
<testsuites>
    <testsuite name="force.apex" timestamp="2020-06-22T12:01:55-04:00" hostname="https://syngentacanada--full.my.salesforce.com" tests="3" failures="0"  errors="0"  time="27.55">
        <properties>
            <property name="outcome" value="Passed"/>
            <property name="testsRan" value="3"/>
            <property name="passing" value="3"/>
            <property name="failing" value="0"/>
            <property name="skipped" value="0"/>
            <property name="passRate" value="100%"/>
            <property name="failRate" value="0%"/>
            <property name="testStartTime" value="Jun 22, 2020 12:01 PM"/>
            <property name="testExecutionTime" value="27.55 s"/>
            <property name="testTotalTime" value="27.55 s"/>
            <property name="commandTime" value="237.22 s"/>
            <property name="hostname" value="https://syngentacanada--full.my.salesforce.com"/>
            <property name="orgId" value="00D6300000024c2EAA"/>
            <property name="username" value="aakash.sidana@syngenta.com.full"/>
            <property name="testRunId" value="7076300001VoEPn"/>
            <property name="userId" value="0053m00000AlyrWAAR"/>
            <property name="testRunCoverage" value="80%"/>
            <property name="orgWideCoverage" value="80%"/>
        </properties>
        <testcase name="runTest" classname="Contact_TriggerTest" time="3.86">
        </testcase>
        <testcase name="runTest" classname="Contact_TriggerTest2" time="4.17">
        </testcase>
        <testcase name="runTest" classname="Contact_Trigger_Primary_Contact_Test" time="19.52">
        </testcase>
    </testsuite>
</testsuites>
