<?xml version="1.0" encoding="UTF-8"?>
<testsuites>
    <testsuite name="force.apex" timestamp="2020-06-25T10:44:28-04:00" hostname="https://syngentacanada--full.my.salesforce.com" tests="6" failures="0"  errors="0"  time="29.08">
        <properties>
            <property name="outcome" value="Passed"/>
            <property name="testsRan" value="6"/>
            <property name="passing" value="6"/>
            <property name="failing" value="0"/>
            <property name="skipped" value="0"/>
            <property name="passRate" value="100%"/>
            <property name="failRate" value="0%"/>
            <property name="testStartTime" value="Jun 25, 2020 10:44 AM"/>
            <property name="testExecutionTime" value="29.08 s"/>
            <property name="testTotalTime" value="29.08 s"/>
            <property name="commandTime" value="64.52 s"/>
            <property name="hostname" value="https://syngentacanada--full.my.salesforce.com"/>
            <property name="orgId" value="00D6300000024c2EAA"/>
            <property name="username" value="aakash.sidana@syngenta.com.full"/>
            <property name="testRunId" value="7076300001VwhRZ"/>
            <property name="userId" value="0053m00000AlyrWAAR"/>
            <property name="testRunCoverage" value="81%"/>
            <property name="orgWideCoverage" value="74%"/>
        </properties>
        <testcase name="runTest" classname="CalloutClassTest" time="0.01">
        </testcase>
        <testcase name="testCallout" classname="CalloutClassTest" time="2.47">
        </testcase>
        <testcase name="testLogin" classname="CalloutClassTest" time="0.02">
        </testcase>
        <testcase name="runTest" classname="Contact_TriggerTest" time="8.67">
        </testcase>
        <testcase name="runTest" classname="Contact_TriggerTest2" time="4.63">
        </testcase>
        <testcase name="runTest" classname="Contact_Trigger_Primary_Contact_Test" time="13.27">
        </testcase>
    </testsuite>
</testsuites>
