<?xml version="1.0" encoding="UTF-8"?>
<testsuites>
    <testsuite name="force.apex" timestamp="2020-06-25T11:23:02-04:00" hostname="https://syngentacanada--full.my.salesforce.com" tests="5" failures="1"  errors="0"  time="23.7">
        <properties>
            <property name="outcome" value="Failed"/>
            <property name="testsRan" value="5"/>
            <property name="passing" value="4"/>
            <property name="failing" value="1"/>
            <property name="skipped" value="0"/>
            <property name="passRate" value="80%"/>
            <property name="failRate" value="20%"/>
            <property name="testStartTime" value="Jun 25, 2020 11:23 AM"/>
            <property name="testExecutionTime" value="23.7 s"/>
            <property name="testTotalTime" value="23.7 s"/>
            <property name="commandTime" value="45.39 s"/>
            <property name="hostname" value="https://syngentacanada--full.my.salesforce.com"/>
            <property name="orgId" value="00D6300000024c2EAA"/>
            <property name="username" value="aakash.sidana@syngenta.com.full"/>
            <property name="testRunId" value="7076300001VwkhF"/>
            <property name="userId" value="0053m00000AlyrWAAR"/>
            <property name="testRunCoverage" value="81%"/>
            <property name="orgWideCoverage" value="75%"/>
        </properties>
        <testcase name="runTest" classname="CalloutClassTest" time="0.03">
        </testcase>
        <testcase name="testCallout" classname="CalloutClassTest" time="2.16">
        </testcase>
        <testcase name="runTest" classname="Contact_TriggerTest" time="9.92">
            <failure message="Methods defined as TestMethod do not support Web service callouts"></failure>
        </testcase>
        <testcase name="runTest" classname="Contact_TriggerTest2" time="4.51">
        </testcase>
        <testcase name="runTest" classname="Contact_Trigger_Primary_Contact_Test" time="7.09">
        </testcase>
    </testsuite>
</testsuites>
