<?xml version="1.0" encoding="UTF-8"?>
<testsuites>
    <testsuite name="force.apex" timestamp="2020-06-25T17:34:19-04:00" hostname="https://syngentacanada--full.my.salesforce.com" tests="5" failures="0"  errors="0"  time="22.35">
        <properties>
            <property name="outcome" value="Passed"/>
            <property name="testsRan" value="5"/>
            <property name="passing" value="5"/>
            <property name="failing" value="0"/>
            <property name="skipped" value="0"/>
            <property name="passRate" value="100%"/>
            <property name="failRate" value="0%"/>
            <property name="testStartTime" value="Jun 25, 2020 5:34 PM"/>
            <property name="testExecutionTime" value="22.35 s"/>
            <property name="testTotalTime" value="22.35 s"/>
            <property name="commandTime" value="46.18 s"/>
            <property name="hostname" value="https://syngentacanada--full.my.salesforce.com"/>
            <property name="orgId" value="00D6300000024c2EAA"/>
            <property name="username" value="aakash.sidana@syngenta.com.full"/>
            <property name="testRunId" value="7076300001Vx5wl"/>
            <property name="userId" value="0053m00000AlyrWAAR"/>
            <property name="testRunCoverage" value="81%"/>
            <property name="orgWideCoverage" value="74%"/>
        </properties>
        <testcase name="testCallout" classname="CalloutClassTest" time="3.68">
        </testcase>
        <testcase name="runTest" classname="Contact_TriggerTest" time="7.6">
        </testcase>
        <testcase name="runTest1" classname="Contact_TriggerTest" time="0.01">
        </testcase>
        <testcase name="runTest" classname="Contact_TriggerTest2" time="5.1">
        </testcase>
        <testcase name="runTest" classname="Contact_Trigger_Primary_Contact_Test" time="5.97">
        </testcase>
    </testsuite>
</testsuites>
