<?xml version="1.0" encoding="UTF-8"?>
<testsuites>
    <testsuite name="force.apex" timestamp="2020-06-05T10:27:16-04:00" hostname="https://syngentacanada--full.my.salesforce.com" tests="3" failures="1"  errors="0"  time="23.11">
        <properties>
            <property name="outcome" value="Failed"/>
            <property name="testsRan" value="3"/>
            <property name="passing" value="2"/>
            <property name="failing" value="1"/>
            <property name="skipped" value="0"/>
            <property name="passRate" value="67%"/>
            <property name="failRate" value="33%"/>
            <property name="testStartTime" value="Jun 5, 2020 10:27 AM"/>
            <property name="testExecutionTime" value="23.11 s"/>
            <property name="testTotalTime" value="23.11 s"/>
            <property name="commandTime" value="18.95 s"/>
            <property name="hostname" value="https://syngentacanada--full.my.salesforce.com"/>
            <property name="orgId" value="00D2g0000008aPPEAY"/>
            <property name="username" value="aakash.sidana@syngenta.com.full"/>
            <property name="testRunId" value="7072g00000Gfkbn"/>
            <property name="userId" value="0053m00000AlyrWAAR"/>
            <property name="testRunCoverage" value="78%"/>
            <property name="orgWideCoverage" value="64%"/>
        </properties>
        <testcase name="runTest" classname="Contact_TriggerTest" time="6.48">
            <failure message="System.DmlException: Update failed. First exception on row 0 with id 0032g00000B47OpAAJ; first error: CANNOT_INSERT_UPDATE_ACTIVATE_ENTITY, Contact_Trigger: execution of AfterUpdate

caused by: System.DmlException: Update failed. First exception on row 0 with id 0032g00000B47OpAAJ; first error: CANNOT_INSERT_UPDATE_ACTIVATE_ENTITY, Contact_Trigger: execution of BeforeUpdate

caused by: System.NullPointerException: Attempt to de-reference a null object

Class.Contact_TriggerHandler.updateContactType: line 206, column 1
Trigger.Contact_Trigger: line 52, column 1: []

Class.Contact_TriggerHandler.updateContactDetailsonInactive: line 239, column 1
Trigger.Contact_Trigger: line 40, column 1: []"><![CDATA[Class.Contact_TriggerTest.runTest: line 84, column 1]]></failure>
        </testcase>
        <testcase name="runTest" classname="Contact_TriggerTest2" time="8.13">
        </testcase>
        <testcase name="runTest" classname="Contact_Trigger_Primary_Contact_Test" time="8.49">
        </testcase>
    </testsuite>
</testsuites>
