<?xml version="1.0" encoding="UTF-8"?>
<testsuites>
    <testsuite name="force.apex" timestamp="2020-06-24T11:18:10-04:00" hostname="https://syngentacanada--full.my.salesforce.com" tests="4" failures="0"  errors="0"  time="22.27">
        <properties>
            <property name="outcome" value="Passed"/>
            <property name="testsRan" value="4"/>
            <property name="passing" value="4"/>
            <property name="failing" value="0"/>
            <property name="skipped" value="0"/>
            <property name="passRate" value="100%"/>
            <property name="failRate" value="0%"/>
            <property name="testStartTime" value="Jun 24, 2020 11:18 AM"/>
            <property name="testExecutionTime" value="22.27 s"/>
            <property name="testTotalTime" value="22.27 s"/>
            <property name="commandTime" value="42.59 s"/>
            <property name="hostname" value="https://syngentacanada--full.my.salesforce.com"/>
            <property name="orgId" value="00D6300000024c2EAA"/>
            <property name="username" value="aakash.sidana@syngenta.com.full"/>
            <property name="testRunId" value="7076300001VrCSR"/>
            <property name="userId" value="0053m00000AlyrWAAR"/>
            <property name="testRunCoverage" value="81%"/>
            <property name="orgWideCoverage" value="80%"/>
        </properties>
        <testcase name="testCallout" classname="CalloutClassTest" time="1.34">
        </testcase>
        <testcase name="runTest" classname="Contact_TriggerTest" time="7.36">
        </testcase>
        <testcase name="runTest" classname="Contact_TriggerTest2" time="3.93">
        </testcase>
        <testcase name="runTest" classname="Contact_Trigger_Primary_Contact_Test" time="9.64">
        </testcase>
    </testsuite>
</testsuites>
