<?xml version="1.0" encoding="UTF-8"?>
<testsuites>
    <testsuite name="force.apex" timestamp="2020-06-11T09:05:29-04:00" hostname="https://syngentacanada--full.my.salesforce.com" tests="5" failures="0"  errors="0"  time="43.1">
        <properties>
            <property name="outcome" value="Passed"/>
            <property name="testsRan" value="5"/>
            <property name="passing" value="5"/>
            <property name="failing" value="0"/>
            <property name="skipped" value="0"/>
            <property name="passRate" value="100%"/>
            <property name="failRate" value="0%"/>
            <property name="testStartTime" value="Jun 11, 2020 9:05 AM"/>
            <property name="testExecutionTime" value="43.1 s"/>
            <property name="testTotalTime" value="43.1 s"/>
            <property name="commandTime" value="99.39 s"/>
            <property name="hostname" value="https://syngentacanada--full.my.salesforce.com"/>
            <property name="orgId" value="00D2g0000008aPPEAY"/>
            <property name="username" value="aakash.sidana@syngenta.com.full"/>
            <property name="testRunId" value="7072g00000GzIA0"/>
            <property name="userId" value="0053m00000AlyrWAAR"/>
            <property name="testRunCoverage" value="78%"/>
            <property name="orgWideCoverage" value="71%"/>
        </properties>
        <testcase name="runTest" classname="Contact_TriggerTest" time="3.82">
        </testcase>
        <testcase name="runTest" classname="Contact_TriggerTest2" time="19.93">
        </testcase>
        <testcase name="runTest" classname="Contact_Trigger_Primary_Contact_Test" time="9.65">
        </testcase>
        <testcase name="testCommercialExperience" classname="TestFileCountCommercialExperience" time="6.32">
        </testcase>
        <testcase name="testFileCountPreCommercialTrials" classname="TestFileCountPreCommercialTrials" time="3.38">
        </testcase>
    </testsuite>
</testsuites>
