<?xml version="1.0" encoding="UTF-8"?>
<testsuites>
    <testsuite name="force.apex" timestamp="2020-06-22T16:35:34-04:00" hostname="https://syngentacanada--full.my.salesforce.com" tests="4" failures="1"  errors="0"  time="18.93">
        <properties>
            <property name="outcome" value="Failed"/>
            <property name="testsRan" value="4"/>
            <property name="passing" value="3"/>
            <property name="failing" value="1"/>
            <property name="skipped" value="0"/>
            <property name="passRate" value="75%"/>
            <property name="failRate" value="25%"/>
            <property name="testStartTime" value="Jun 22, 2020 4:35 PM"/>
            <property name="testExecutionTime" value="18.93 s"/>
            <property name="testTotalTime" value="18.93 s"/>
            <property name="commandTime" value="47.39 s"/>
            <property name="hostname" value="https://syngentacanada--full.my.salesforce.com"/>
            <property name="orgId" value="00D6300000024c2EAA"/>
            <property name="username" value="aakash.sidana@syngenta.com.full"/>
            <property name="testRunId" value="7076300001VoUh2"/>
            <property name="userId" value="0053m00000AlyrWAAR"/>
            <property name="testRunCoverage" value="81%"/>
            <property name="orgWideCoverage" value="80%"/>
        </properties>
        <testcase name="testMethod1" classname="CommTech_ProjectsTriggerTest" time="0.54">
        </testcase>
        <testcase name="runTest" classname="Contact_TriggerTest" time="5.28">
            <failure message="System.DmlException: Insert failed. First exception on row 0; first error: CANNOT_INSERT_UPDATE_ACTIVATE_ENTITY, Contact_Trigger: execution of AfterInsert

caused by: System.NullPointerException: Attempt to de-reference a null object

Class.Contact_TriggerHandler.updateEmailMarketingFieldsExpressConsent: line 369, column 1
Trigger.Contact_Trigger: line 17, column 1: []"><![CDATA[Class.Contact_TriggerTest.runTest: line 93, column 1]]></failure>
        </testcase>
        <testcase name="runTest" classname="Contact_TriggerTest2" time="5.04">
        </testcase>
        <testcase name="runTest" classname="Contact_Trigger_Primary_Contact_Test" time="8.07">
        </testcase>
    </testsuite>
</testsuites>
