<?xml version="1.0" encoding="UTF-8"?>
<testsuites>
    <testsuite name="force.apex" timestamp="2020-08-18T16:19:55-04:00" hostname="https://syngentacanada--full.my.salesforce.com" tests="1" failures="1"  errors="0"  time="5.64">
        <properties>
            <property name="outcome" value="Failed"/>
            <property name="testsRan" value="1"/>
            <property name="passing" value="0"/>
            <property name="failing" value="1"/>
            <property name="skipped" value="0"/>
            <property name="passRate" value="0%"/>
            <property name="failRate" value="100%"/>
            <property name="testStartTime" value="Aug 18, 2020 4:19 PM"/>
            <property name="testExecutionTime" value="5.64 s"/>
            <property name="testTotalTime" value="5.64 s"/>
            <property name="commandTime" value="35.92 s"/>
            <property name="hostname" value="https://syngentacanada--full.my.salesforce.com"/>
            <property name="orgId" value="00D2f0000000casEAA"/>
            <property name="username" value="aakash.sidana@syngenta.com.full"/>
            <property name="testRunId" value="7072f00000Pw4Js"/>
            <property name="userId" value="0053m00000AlyrWAAR"/>
            <property name="testRunCoverage" value="78%"/>
            <property name="orgWideCoverage" value="75%"/>
        </properties>
        <testcase name="testMethod1" classname="TestBatchDelete" time="5.64">
            <failure message="System.DmlException: Insert failed. First exception on row 0 with id a242f000000J32fAAC; first error: INVALID_FIELD_FOR_INSERT_UPDATE, cannot specify Id in an insert call: [Id]"><![CDATA[Class.TestBatchDelete.testMethod1: line 52, column 1]]></failure>
        </testcase>
    </testsuite>
</testsuites>
