<?xml version="1.0" encoding="UTF-8"?>
<testsuites>
    <testsuite name="force.apex" timestamp="2020-08-20T10:39:02-04:00" hostname="https://syngentacanada--full.my.salesforce.com" tests="8" failures="0"  errors="0"  time="35.54">
        <properties>
            <property name="outcome" value="Passed"/>
            <property name="testsRan" value="8"/>
            <property name="passing" value="8"/>
            <property name="failing" value="0"/>
            <property name="skipped" value="0"/>
            <property name="passRate" value="100%"/>
            <property name="failRate" value="0%"/>
            <property name="testStartTime" value="Aug 20, 2020 10:39 AM"/>
            <property name="testExecutionTime" value="35.54 s"/>
            <property name="testTotalTime" value="35.54 s"/>
            <property name="commandTime" value="82.03 s"/>
            <property name="hostname" value="https://syngentacanada--full.my.salesforce.com"/>
            <property name="orgId" value="00D2f0000000casEAA"/>
            <property name="username" value="aakash.sidana@syngenta.com.full"/>
            <property name="testRunId" value="7072f00000PxOHA"/>
            <property name="userId" value="0053m00000AlyrWAAR"/>
            <property name="testRunCoverage" value="80%"/>
            <property name="orgWideCoverage" value="78%"/>
        </properties>
        <testcase name="runPreferredStatusTest" classname="Account_TriggerTest" time="6.5">
        </testcase>
        <testcase name="BatchInsertOlisTest" classname="BatchInsertOlisTest" time="4.39">
        </testcase>
        <testcase name="runTest" classname="Contact_TriggerTest" time="8.09">
        </testcase>
        <testcase name="runTest1" classname="Contact_TriggerTest" time="0.02">
        </testcase>
        <testcase name="runTest" classname="Contact_TriggerTest2" time="4.31">
        </testcase>
        <testcase name="runTest" classname="Contact_Trigger_Primary_Contact_Test" time="5.99">
        </testcase>
        <testcase name="testMethod1" classname="TestBatchDelete" time="3.31">
        </testcase>
        <testcase name="testMethod1" classname="TestBatchUpdateContactsActive" time="2.93">
        </testcase>
    </testsuite>
</testsuites>
