<?xml version="1.0" encoding="UTF-8"?>
<testsuites>
    <testsuite name="force.apex" timestamp="2020-06-22T17:00:55-04:00" hostname="https://syngentacanada--full.my.salesforce.com" tests="4" failures="1"  errors="0"  time="20.66">
        <properties>
            <property name="outcome" value="Failed"/>
            <property name="testsRan" value="4"/>
            <property name="passing" value="3"/>
            <property name="failing" value="1"/>
            <property name="skipped" value="0"/>
            <property name="passRate" value="75%"/>
            <property name="failRate" value="25%"/>
            <property name="testStartTime" value="Jun 22, 2020 5:00 PM"/>
            <property name="testExecutionTime" value="20.66 s"/>
            <property name="testTotalTime" value="20.66 s"/>
            <property name="commandTime" value="53.39 s"/>
            <property name="hostname" value="https://syngentacanada--full.my.salesforce.com"/>
            <property name="orgId" value="00D6300000024c2EAA"/>
            <property name="username" value="aakash.sidana@syngenta.com.full"/>
            <property name="testRunId" value="7076300001VoVx5"/>
            <property name="userId" value="0053m00000AlyrWAAR"/>
            <property name="testRunCoverage" value="81%"/>
            <property name="orgWideCoverage" value="80%"/>
        </properties>
        <testcase name="testMethod1" classname="CommTech_ProjectsTriggerTest" time="0.62">
        </testcase>
        <testcase name="runTest" classname="Contact_TriggerTest" time="7.31">
            <failure message="Methods defined as TestMethod do not support Web service callouts"></failure>
        </testcase>
        <testcase name="runTest" classname="Contact_TriggerTest2" time="4.51">
        </testcase>
        <testcase name="runTest" classname="Contact_Trigger_Primary_Contact_Test" time="8.23">
        </testcase>
    </testsuite>
</testsuites>
