<?xml version="1.0" encoding="UTF-8"?>
<testsuites>
    <testsuite name="force.apex" timestamp="2020-06-24T11:14:20-04:00" hostname="https://syngentacanada--full.my.salesforce.com" tests="4" failures="1"  errors="0"  time="37.94">
        <properties>
            <property name="outcome" value="Failed"/>
            <property name="testsRan" value="4"/>
            <property name="passing" value="3"/>
            <property name="failing" value="1"/>
            <property name="skipped" value="0"/>
            <property name="passRate" value="75%"/>
            <property name="failRate" value="25%"/>
            <property name="testStartTime" value="Jun 24, 2020 11:14 AM"/>
            <property name="testExecutionTime" value="37.94 s"/>
            <property name="testTotalTime" value="37.94 s"/>
            <property name="commandTime" value="61.85 s"/>
            <property name="hostname" value="https://syngentacanada--full.my.salesforce.com"/>
            <property name="orgId" value="00D6300000024c2EAA"/>
            <property name="username" value="aakash.sidana@syngenta.com.full"/>
            <property name="testRunId" value="7076300001VrC5H"/>
            <property name="userId" value="0053m00000AlyrWAAR"/>
            <property name="testRunCoverage" value="82%"/>
            <property name="orgWideCoverage" value="81%"/>
        </properties>
        <testcase name="testCallout" classname="CalloutClassTest" time="17.45">
            <failure message="System.LimitException: Apex CPU time limit exceeded"><![CDATA[Class.Contact_TriggerHandler.loginToPardot: line 601, column 1
Class.CalloutClassTest.testCallout: line 42, column 1]]></failure>
        </testcase>
        <testcase name="runTest" classname="Contact_TriggerTest" time="9.5">
        </testcase>
        <testcase name="runTest" classname="Contact_TriggerTest2" time="4.71">
        </testcase>
        <testcase name="runTest" classname="Contact_Trigger_Primary_Contact_Test" time="6.29">
        </testcase>
    </testsuite>
</testsuites>
